<?xml version="1.0" encoding="UTF-8"?>
<testng-results ignored="0" total="1" passed="1" failed="0" skipped="0">
  <reporter-output>
  </reporter-output>
  <suite started-at="2023-12-01T22:58:17 IST" name="Default suite" finished-at="2023-12-01T22:59:02 IST" duration-ms="44721">
    <groups>
    </groups>
    <test started-at="2023-12-01T22:58:17 IST" name="Default test" finished-at="2023-12-01T22:59:02 IST" duration-ms="44721">
      <class name="com.bs.demo.ScrollGesture">
        <test-method is-config="true" signature="ConfigureAppium()[pri:0, instance:com.bs.demo.ScrollGesture@72cc7e6f]" started-at="2023-12-01T22:58:17 IST" name="ConfigureAppium" finished-at="2023-12-01T22:58:51 IST" duration-ms="33691" status="PASS">
          <reporter-output>
          </reporter-output>
        </test-method> <!-- ConfigureAppium -->
        <test-method signature="ScrollTest()[pri:0, instance:com.bs.demo.ScrollGesture@72cc7e6f]" started-at="2023-12-01T22:58:51 IST" name="ScrollTest" finished-at="2023-12-01T22:59:02 IST" duration-ms="10598" status="PASS">
          <reporter-output>
          </reporter-output>
        </test-method> <!-- ScrollTest -->
        <test-method is-config="true" signature="tearDown()[pri:0, instance:com.bs.demo.ScrollGesture@72cc7e6f]" started-at="2023-12-01T22:59:02 IST" name="tearDown" finished-at="2023-12-01T22:59:02 IST" duration-ms="374" status="PASS">
          <reporter-output>
          </reporter-output>
        </test-method> <!-- tearDown -->
      </class> <!-- com.bs.demo.ScrollGesture -->
    </test> <!-- Default test -->
  </suite> <!-- Default suite -->
</testng-results>
